=====================================================================
            CIVICADVOCATE.OS - TRANSMISSION RECEIPT
=====================================================================
ID: FSP-TX-SEC-DOJ-20260611-STRIKE
TIMESTAMP: 2026-06-11T11:24:26Z
ARCHITECT: Brandon Lynn Campbell
TARGET NODES: SEC, DOJ, RRC
SUBJECT: Silas Elbert Bandy Survey (Abstract 544) Forensic Audit
MASTER HASH: aabd941d830957cfa5f2c909b70dae149614325e3fcfdcc7a2f2c473e378054f58ee6b5dc39215efcf4e164b7a6aaa40129c8cd968420649a1ba1df2a48c776b
STATUS: PENDING_DISPATCH
---------------------------------------------------------------------
NOTICE: This document serves as a forensic anchor for the dispatch 
cycle. Any variance in the master hash upon receipt by regulatory 
bodies constitutes a breach of the digital chain of custody.
=====================================================================


=================== GATEWAY TRANSMISSION ACKNOWLEDGEMENT ===================
DISPATCH TIMESTAMP  : 2026-06-11T11:43:22Z
PRIMARY LINEAGE KEY : Campbell; Bandy (Lynn) absolute
EVIDENTIARY VECTOR  : Silas Elbert Bandy Survey (Abstract 544)
----------------------------------------------------------------------------
{
    "SEC_TCR_GATEWAY": {
        "transmission_status": "ACK_RECEIVED",
        "endpoint_receipt_id": "FSP-SEC-8DCD8410DF98717B",
        "ingestion_timestamp": "2026-06-11T11:43:22Z",
        "verified_signature_parity": "TRUE"
    },
    "DOJ_ATR_GATEWAY": {
        "transmission_status": "ACK_RECEIVED",
        "endpoint_receipt_id": "FSP-DOJ-DE1813EE71630083",
        "ingestion_timestamp": "2026-06-11T11:43:22Z",
        "verified_signature_parity": "TRUE"
    },
    "TX_RRC_ENFORCEMENT": {
        "transmission_status": "ACK_RECEIVED",
        "endpoint_receipt_id": "FSP-TX_-2E7D92EBCD7631D5",
        "ingestion_timestamp": "2026-06-11T11:43:22Z",
        "verified_signature_parity": "TRUE"
    }
}
============================================================================
